launcher/build/intermediates/manifest_merge_blame_file/xiaomiDebug/processXiaomiDebugMainManifest/manifest-merger-blame-xiaomi-debug-report.txt
1<?xml version="1.0" encoding="utf-8"?>
2<manifest xmlns:android="http://schemas.android.com/apk/res/android"
3    package="com.slhd.mftxxl.mi"
4    android:installLocation="preferExternal"
5    android:versionCode="40240"
6    android:versionName="4.2.40" >
7
8    <uses-sdk
9        android:minSdkVersion="26"
10        android:targetSdkVersion="33" />
11
12    <supports-screens
12-->src\main\AndroidManifest.xml:17:3-23:38
13        android:anyDensity="true"
13-->src\main\AndroidManifest.xml:22:7-32
14        android:largeScreens="true"
14-->src\main\AndroidManifest.xml:20:7-34
15        android:normalScreens="true"
15-->src\main\AndroidManifest.xml:19:7-35
16        android:resizeable="true"
16-->[alipay-sdk-android-15.8.09.aar] AndroidManifest.xml:25:9-34
17        android:smallScreens="true"
17-->src\main\AndroidManifest.xml:18:7-34
18        android:xlargeScreens="true" />
18-->src\main\AndroidManifest.xml:21:7-35
19
20    <queries>
20-->[alipay-sdk-android-15.8.09.aar] AndroidManifest.xml:9:5-19:15
21        <intent> <!-- H5 支持手淘登录 -->
21-->[alipay-sdk-android-15.8.09.aar] AndroidManifest.xml:10:9-14:18
22            <action android:name="*" />
22-->[alipay-sdk-android-15.8.09.aar] AndroidManifest.xml:11:13-40
22-->[alipay-sdk-android-15.8.09.aar] AndroidManifest.xml:11:21-37
23
24            <data android:scheme="tbopen" />
24-->[alipay-sdk-android-15.8.09.aar] AndroidManifest.xml:13:13-45
24-->[alipay-sdk-android-15.8.09.aar] AndroidManifest.xml:13:19-42
25        </intent>
26
27        <package android:name="com.eg.android.AlipayGphone" /> <!-- 支付宝 app -->
27-->[alipay-sdk-android-15.8.09.aar] AndroidManifest.xml:16:9-63
27-->[alipay-sdk-android-15.8.09.aar] AndroidManifest.xml:16:18-60
28        <package android:name="com.eg.android.AlipayGphoneRC" /> <!-- 沙箱支付宝 app -->
28-->[alipay-sdk-android-15.8.09.aar] AndroidManifest.xml:17:9-65
28-->[alipay-sdk-android-15.8.09.aar] AndroidManifest.xml:17:18-62
29        <package android:name="hk.alipay.wallet" /> <!-- 香港版支付宝 app -->
29-->[alipay-sdk-android-15.8.09.aar] AndroidManifest.xml:18:9-52
29-->[alipay-sdk-android-15.8.09.aar] AndroidManifest.xml:18:18-49
30        <!-- 游戏中心 -->
31        <package android:name="com.xiaomi.gamecenter" /> <!-- 游戏中心 -->
31-->[mioauth-3.4.3.aar] AndroidManifest.xml:19:9-57
31-->[mioauth-3.4.3.aar] AndroidManifest.xml:19:18-54
32        <package android:name="com.xiaomi.market" /> <!-- 游戏服务 -->
32-->[mioauth-3.4.3.aar] AndroidManifest.xml:21:9-53
32-->[mioauth-3.4.3.aar] AndroidManifest.xml:21:18-50
33        <package android:name="com.xiaomi.gamecenter.sdk.service" /> <!-- 微信 -->
33-->[mioauth-3.4.3.aar] AndroidManifest.xml:23:9-69
33-->[mioauth-3.4.3.aar] AndroidManifest.xml:23:18-66
34        <package android:name="com.tencent.mm" /> <!-- QQ -->
34-->[mioauth-3.4.3.aar] AndroidManifest.xml:27:9-50
34-->[mioauth-3.4.3.aar] AndroidManifest.xml:27:18-47
35        <package android:name="com.tencent.mobileqq" /> <!-- 微博 -->
35-->[mioauth-3.4.3.aar] AndroidManifest.xml:29:9-56
35-->[mioauth-3.4.3.aar] AndroidManifest.xml:29:18-53
36        <package android:name="com.sina.weibo" />
36-->[mioauth-3.4.3.aar] AndroidManifest.xml:31:9-50
36-->[mioauth-3.4.3.aar] AndroidManifest.xml:31:18-47
37        <package android:name="com.miui.cloudservice" />
37-->[mioauth-3.4.3.aar] AndroidManifest.xml:32:9-57
37-->[mioauth-3.4.3.aar] AndroidManifest.xml:32:18-54
38        <package android:name="com.xiaomi.xmsf" />
38-->[mioauth-3.4.3.aar] AndroidManifest.xml:33:9-51
38-->[mioauth-3.4.3.aar] AndroidManifest.xml:33:18-48
39        <package android:name="com.miui.securitycenter" />
39-->[mioauth-3.4.3.aar] AndroidManifest.xml:34:9-59
39-->[mioauth-3.4.3.aar] AndroidManifest.xml:34:18-56
40
41        <intent>
41-->[mimo_sdk.aar] AndroidManifest.xml:14:9-18:18
42            <action android:name="android.intent.action.MAIN" />
42-->[mimo_sdk.aar] AndroidManifest.xml:15:13-65
42-->[mimo_sdk.aar] AndroidManifest.xml:15:21-62
43
44            <category android:name="android.intent.category.LAUNCHER" />
44-->[mimo_sdk.aar] AndroidManifest.xml:17:13-73
44-->[mimo_sdk.aar] AndroidManifest.xml:17:23-70
45        </intent>
46        <intent>
46-->[com.android.billingclient:billing:6.1.0] AndroidManifest.xml:13:9-15:18
47            <action android:name="com.android.vending.billing.InAppBillingService.BIND" />
47-->[com.android.billingclient:billing:6.1.0] AndroidManifest.xml:14:13-91
47-->[com.android.billingclient:billing:6.1.0] AndroidManifest.xml:14:21-88
48        </intent>
49    </queries>
50
51    <uses-permission android:name="android.permission.INTERNET" />
51-->[alipay-sdk-android-15.8.09.aar] AndroidManifest.xml:28:5-67
51-->[alipay-sdk-android-15.8.09.aar] AndroidManifest.xml:28:22-64
52    <uses-permission android:name="android.permission.ACCESS_NETWORK_STATE" />
52-->[alipay-sdk-android-15.8.09.aar] AndroidManifest.xml:29:5-79
52-->[alipay-sdk-android-15.8.09.aar] AndroidManifest.xml:29:22-76
53    <uses-permission android:name="android.permission.ACCESS_WIFI_STATE" />
53-->[alipay-sdk-android-15.8.09.aar] AndroidManifest.xml:30:5-76
53-->[alipay-sdk-android-15.8.09.aar] AndroidManifest.xml:30:22-73
54    <uses-permission android:name="com.xiaomi.sdk.permission.PAYMENT" />
54-->[mioauth-3.4.3.aar] AndroidManifest.xml:13:5-73
54-->[mioauth-3.4.3.aar] AndroidManifest.xml:13:22-70
55    <uses-permission android:name="com.miui.systemAdSolution.adSwitch.PROVIDER" />
55-->[mimo_sdk.aar] AndroidManifest.xml:21:5-83
55-->[mimo_sdk.aar] AndroidManifest.xml:21:22-80
56    <uses-permission android:name="android.permission.REQUEST_INSTALL_PACKAGES" />
56-->[mimo_sdk.aar] AndroidManifest.xml:23:5-83
56-->[mimo_sdk.aar] AndroidManifest.xml:23:22-80
57
58    <uses-feature android:glEsVersion="0x00030000" />
58-->[:unityLibrary] AndroidManifest.xml:10:5-54
58-->[:unityLibrary] AndroidManifest.xml:10:19-51
59    <uses-feature
59-->[:unityLibrary] AndroidManifest.xml:11:5-13:36
60        android:name="android.hardware.touchscreen"
60-->[:unityLibrary] AndroidManifest.xml:12:9-52
61        android:required="false" />
61-->[:unityLibrary] AndroidManifest.xml:13:9-33
62    <uses-feature
62-->[:unityLibrary] AndroidManifest.xml:14:5-16:36
63        android:name="android.hardware.touchscreen.multitouch"
63-->[:unityLibrary] AndroidManifest.xml:15:9-63
64        android:required="false" />
64-->[:unityLibrary] AndroidManifest.xml:16:9-33
65    <uses-feature
65-->[:unityLibrary] AndroidManifest.xml:17:5-19:36
66        android:name="android.hardware.touchscreen.multitouch.distinct"
66-->[:unityLibrary] AndroidManifest.xml:18:9-72
67        android:required="false" />
67-->[:unityLibrary] AndroidManifest.xml:19:9-33
68
69    <uses-permission android:name="com.android.vending.BILLING" />
69-->[com.android.billingclient:billing-ktx:6.1.0] AndroidManifest.xml:9:5-67
69-->[com.android.billingclient:billing-ktx:6.1.0] AndroidManifest.xml:9:22-64
70
71    <application
71-->src\main\AndroidManifest.xml:5:3-15:17
72        android:name="com.morechili.yuki.sdkmerge.DefaultApplication"
72-->[com.morechili.yuki:mergesdk:6000.0.0] AndroidManifest.xml:9:9-70
73        android:allowBackup="true"
73-->src\main\AndroidManifest.xml:7:7-33
74        android:appComponentFactory="androidx.core.app.CoreComponentFactory"
74-->[androidx.core:core:1.5.0] AndroidManifest.xml:24:18-86
75        android:debuggable="true"
76        android:enableOnBackInvokedCallback="false"
76-->[:unityLibrary] AndroidManifest.xml:22:9-52
77        android:extractNativeLibs="true"
78        android:icon="@mipmap/app_icon"
78-->src\main\AndroidManifest.xml:5:16-47
79        android:label="@string/app_name"
79-->src\main\AndroidManifest.xml:6:7-39
80        android:networkSecurityConfig="@xml/network_security_config"
80-->[librarymiads-release.aar] AndroidManifest.xml:12:9-69
81        android:supportsRtl="true"
81-->[mimo_sdk.aar] AndroidManifest.xml:26:9-35
82        android:usesCleartextTraffic="true" >
82-->[librarymi-release.aar] AndroidManifest.xml:7:18-53
83        <meta-data
83-->src\xiaomi\AndroidManifest.xml:3:9-5:54
84            android:name="miGameAppId"
84-->src\xiaomi\AndroidManifest.xml:4:13-39
85            android:value="mi_2882303761520192427" />
85-->src\xiaomi\AndroidManifest.xml:5:13-51
86        <meta-data
86-->src\xiaomi\AndroidManifest.xml:6:9-8:48
87            android:name="miGameAppKey"
87-->src\xiaomi\AndroidManifest.xml:7:13-40
88            android:value="mi_5182019235427" />
88-->src\xiaomi\AndroidManifest.xml:8:13-45
89        <meta-data
89-->src\main\AndroidManifest.xml:11:5-14:41
90            android:name="com.hihonor.iap.sdk.version_code"
90-->src\main\AndroidManifest.xml:12:9-56
91            android:value="80002302" />
91-->src\main\AndroidManifest.xml:13:9-33
92
93        <uses-library
93-->[alipay-sdk-android-15.8.09.aar] AndroidManifest.xml:33:9-35:40
94            android:name="org.apache.http.legacy"
94-->[alipay-sdk-android-15.8.09.aar] AndroidManifest.xml:34:13-50
95            android:required="false" />
95-->[alipay-sdk-android-15.8.09.aar] AndroidManifest.xml:35:13-37
96
97        <activity
97-->[alipay-sdk-android-15.8.09.aar] AndroidManifest.xml:37:9-42:20
98            android:name="com.alipay.sdk.app.H5PayActivity"
98-->[alipay-sdk-android-15.8.09.aar] AndroidManifest.xml:38:13-60
99            android:configChanges="orientation|keyboardHidden|navigation|screenSize|locale|keyboard|screenLayout|density|fontScale|layoutDirection|smallestScreenSize"
99-->[alipay-sdk-android-15.8.09.aar] AndroidManifest.xml:39:13-167
100            android:exported="false"
100-->[alipay-sdk-android-15.8.09.aar] AndroidManifest.xml:40:13-37
101            android:theme="@android:style/Theme.NoTitleBar" >
101-->[alipay-sdk-android-15.8.09.aar] AndroidManifest.xml:41:13-60
102        </activity>
103        <activity
103-->[alipay-sdk-android-15.8.09.aar] AndroidManifest.xml:43:9-48:20
104            android:name="com.alipay.sdk.app.H5AuthActivity"
104-->[alipay-sdk-android-15.8.09.aar] AndroidManifest.xml:44:13-61
105            android:configChanges="orientation|keyboardHidden|navigation|screenSize|locale|keyboard|screenLayout|density|fontScale|layoutDirection|smallestScreenSize"
105-->[alipay-sdk-android-15.8.09.aar] AndroidManifest.xml:45:13-167
106            android:exported="false"
106-->[alipay-sdk-android-15.8.09.aar] AndroidManifest.xml:46:13-37
107            android:theme="@android:style/Theme.NoTitleBar" >
107-->[alipay-sdk-android-15.8.09.aar] AndroidManifest.xml:47:13-60
108        </activity>
109        <activity
109-->[alipay-sdk-android-15.8.09.aar] AndroidManifest.xml:49:9-55:20
110            android:name="com.alipay.sdk.app.PayResultActivity"
110-->[alipay-sdk-android-15.8.09.aar] AndroidManifest.xml:50:13-64
111            android:configChanges="orientation|keyboardHidden|navigation|screenSize|locale|keyboard|screenLayout|density|fontScale|layoutDirection|smallestScreenSize"
111-->[alipay-sdk-android-15.8.09.aar] AndroidManifest.xml:51:13-167
112            android:exported="true"
112-->[alipay-sdk-android-15.8.09.aar] AndroidManifest.xml:52:13-36
113            android:launchMode="singleInstance"
113-->[alipay-sdk-android-15.8.09.aar] AndroidManifest.xml:53:13-48
114            android:theme="@android:style/Theme.Translucent.NoTitleBar" >
114-->[alipay-sdk-android-15.8.09.aar] AndroidManifest.xml:54:13-72
115        </activity>
116        <activity
116-->[alipay-sdk-android-15.8.09.aar] AndroidManifest.xml:56:9-62:20
117            android:name="com.alipay.sdk.app.AlipayResultActivity"
117-->[alipay-sdk-android-15.8.09.aar] AndroidManifest.xml:57:13-67
118            android:configChanges="orientation|keyboardHidden|navigation|screenSize|locale|keyboard|screenLayout|density|fontScale|layoutDirection|smallestScreenSize"
118-->[alipay-sdk-android-15.8.09.aar] AndroidManifest.xml:58:13-167
119            android:exported="true"
119-->[alipay-sdk-android-15.8.09.aar] AndroidManifest.xml:59:13-36
120            android:launchMode="singleTask"
120-->[alipay-sdk-android-15.8.09.aar] AndroidManifest.xml:60:13-44
121            android:theme="@android:style/Theme.Translucent.NoTitleBar" >
121-->[alipay-sdk-android-15.8.09.aar] AndroidManifest.xml:61:13-72
122        </activity>
123        <activity
123-->[alipay-sdk-android-15.8.09.aar] AndroidManifest.xml:63:9-69:20
124            android:name="com.alipay.sdk.app.H5OpenAuthActivity"
124-->[alipay-sdk-android-15.8.09.aar] AndroidManifest.xml:64:13-65
125            android:configChanges="orientation|keyboardHidden|navigation|screenSize|locale|keyboard|screenLayout|density|fontScale|layoutDirection|smallestScreenSize"
125-->[alipay-sdk-android-15.8.09.aar] AndroidManifest.xml:65:13-167
126            android:exported="false"
126-->[alipay-sdk-android-15.8.09.aar] AndroidManifest.xml:66:13-37
127            android:screenOrientation="behind"
127-->[alipay-sdk-android-15.8.09.aar] AndroidManifest.xml:67:13-47
128            android:windowSoftInputMode="adjustResize|stateHidden" >
128-->[alipay-sdk-android-15.8.09.aar] AndroidManifest.xml:68:13-67
129        </activity>
130        <activity
130-->[alipay-sdk-android-15.8.09.aar] AndroidManifest.xml:70:9-75:20
131            android:name="com.alipay.sdk.app.APayEntranceActivity"
131-->[alipay-sdk-android-15.8.09.aar] AndroidManifest.xml:71:13-67
132            android:configChanges="orientation|keyboardHidden|navigation|screenSize|locale|keyboard|screenLayout|density|fontScale|layoutDirection|smallestScreenSize"
132-->[alipay-sdk-android-15.8.09.aar] AndroidManifest.xml:72:13-167
133            android:exported="false"
133-->[alipay-sdk-android-15.8.09.aar] AndroidManifest.xml:73:13-37
134            android:theme="@android:style/Theme.Translucent.NoTitleBar" >
134-->[alipay-sdk-android-15.8.09.aar] AndroidManifest.xml:74:13-72
135        </activity> <!-- &lt;!&ndash;        注意前缀mi_必须添加        &ndash;&gt; -->
136        <!-- <meta-data -->
137        <!-- android:name="miGameAppId" -->
138        <!-- android:value="mi_2882xxxxxxxxxx" /> -->
139        <!-- <meta-data -->
140        <!-- android:name="miGameAppKey" -->
141        <!-- android:value="mi_xxxxxxxxx" /> -->
142        <meta-data
142-->[librarymi-release.aar] AndroidManifest.xml:17:9-19:36
143            android:name="miGameEnhance"
143-->[librarymi-release.aar] AndroidManifest.xml:18:13-41
144            android:value="true" /> <!-- ${applicationId}  替换为游戏包名 -->
144-->[librarymi-release.aar] AndroidManifest.xml:19:13-33
145        <provider
145-->[librarymi-release.aar] AndroidManifest.xml:21:9-25:40
146            android:name="com.xiaomi.gamecenter.sdk.MiOauthProvider"
146-->[librarymi-release.aar] AndroidManifest.xml:22:13-69
147            android:authorities="com.slhd.mftxxl.mi.mi_provider"
147-->[librarymi-release.aar] AndroidManifest.xml:23:13-63
148            android:enabled="true"
148-->[librarymi-release.aar] AndroidManifest.xml:24:13-35
149            android:exported="false" />
149-->[librarymi-release.aar] AndroidManifest.xml:25:13-37
150
151        <activity
151-->[mioauth-3.4.3.aar] AndroidManifest.xml:38:9-42:86
152            android:name="com.xiaomi.gamecenter.sdk.ui.MiActivity"
152-->[mioauth-3.4.3.aar] AndroidManifest.xml:39:13-67
153            android:configChanges="orientation|screenSize"
153-->[mioauth-3.4.3.aar] AndroidManifest.xml:40:13-59
154            android:screenOrientation="behind"
154-->[mioauth-3.4.3.aar] AndroidManifest.xml:41:13-47
155            android:theme="@android:style/Theme.Translucent.NoTitleBar.Fullscreen" />
155-->[mioauth-3.4.3.aar] AndroidManifest.xml:42:13-83
156        <activity
156-->[mioauth-3.4.3.aar] AndroidManifest.xml:43:9-48:86
157            android:name="com.xiaomi.gamecenter.sdk.ui.PayListActivity"
157-->[mioauth-3.4.3.aar] AndroidManifest.xml:44:13-72
158            android:configChanges="orientation|screenSize"
158-->[mioauth-3.4.3.aar] AndroidManifest.xml:45:13-59
159            android:exported="true"
159-->[mioauth-3.4.3.aar] AndroidManifest.xml:46:13-36
160            android:screenOrientation="behind"
160-->[mioauth-3.4.3.aar] AndroidManifest.xml:47:13-47
161            android:theme="@android:style/Theme.Translucent.NoTitleBar.Fullscreen" />
161-->[mioauth-3.4.3.aar] AndroidManifest.xml:48:13-83
162        <activity
162-->[mioauth-3.4.3.aar] AndroidManifest.xml:49:9-53:86
163            android:name="com.xiaomi.gamecenter.sdk.hy.dj.HyDjActivity"
163-->[mioauth-3.4.3.aar] AndroidManifest.xml:50:13-72
164            android:configChanges="orientation|screenSize"
164-->[mioauth-3.4.3.aar] AndroidManifest.xml:51:13-59
165            android:exported="true"
165-->[mioauth-3.4.3.aar] AndroidManifest.xml:52:13-36
166            android:theme="@android:style/Theme.Translucent.NoTitleBar.Fullscreen" />
166-->[mioauth-3.4.3.aar] AndroidManifest.xml:53:13-83
167        <activity
167-->[mioauth-3.4.3.aar] AndroidManifest.xml:54:9-59:86
168            android:name="com.xiaomi.gamecenter.sdk.ui.fault.ViewFaultNoticeActivity"
168-->[mioauth-3.4.3.aar] AndroidManifest.xml:55:13-86
169            android:configChanges="orientation|screenSize"
169-->[mioauth-3.4.3.aar] AndroidManifest.xml:56:13-59
170            android:excludeFromRecents="true"
170-->[mioauth-3.4.3.aar] AndroidManifest.xml:57:13-46
171            android:screenOrientation="behind"
171-->[mioauth-3.4.3.aar] AndroidManifest.xml:58:13-47
172            android:theme="@android:style/Theme.Translucent.NoTitleBar.Fullscreen" />
172-->[mioauth-3.4.3.aar] AndroidManifest.xml:59:13-83
173        <activity
173-->[mioauth-3.4.3.aar] AndroidManifest.xml:60:9-65:86
174            android:name="com.xiaomi.gamecenter.sdk.ui.notice.NoticeActivity"
174-->[mioauth-3.4.3.aar] AndroidManifest.xml:61:13-78
175            android:configChanges="orientation|screenSize"
175-->[mioauth-3.4.3.aar] AndroidManifest.xml:62:13-59
176            android:excludeFromRecents="true"
176-->[mioauth-3.4.3.aar] AndroidManifest.xml:63:13-46
177            android:screenOrientation="behind"
177-->[mioauth-3.4.3.aar] AndroidManifest.xml:64:13-47
178            android:theme="@android:style/Theme.Translucent.NoTitleBar.Fullscreen" />
178-->[mioauth-3.4.3.aar] AndroidManifest.xml:65:13-83
179        <activity
179-->[mioauth-3.4.3.aar] AndroidManifest.xml:66:9-70:75
180            android:name="com.xiaomi.gamecenter.sdk.ui.MiPayAntiActivity"
180-->[mioauth-3.4.3.aar] AndroidManifest.xml:67:13-74
181            android:configChanges="orientation|screenSize"
181-->[mioauth-3.4.3.aar] AndroidManifest.xml:68:13-59
182            android:screenOrientation="behind"
182-->[mioauth-3.4.3.aar] AndroidManifest.xml:69:13-47
183            android:theme="@android:style/Theme.Translucent.NoTitleBar" />
183-->[mioauth-3.4.3.aar] AndroidManifest.xml:70:13-72
184        <activity
184-->[mioauth-3.4.3.aar] AndroidManifest.xml:71:9-75:75
185            android:name="com.xiaomi.gamecenter.sdk.ui.MiVerifyActivity"
185-->[mioauth-3.4.3.aar] AndroidManifest.xml:72:13-73
186            android:configChanges="orientation|screenSize"
186-->[mioauth-3.4.3.aar] AndroidManifest.xml:73:13-59
187            android:screenOrientation="behind"
187-->[mioauth-3.4.3.aar] AndroidManifest.xml:74:13-47
188            android:theme="@android:style/Theme.Translucent.NoTitleBar" />
188-->[mioauth-3.4.3.aar] AndroidManifest.xml:75:13-72
189        <activity
189-->[mioauth-3.4.3.aar] AndroidManifest.xml:76:9-82:86
190            android:name="com.xiaomi.gamecenter.sdk.ui.ForceInterceptActivity"
190-->[mioauth-3.4.3.aar] AndroidManifest.xml:77:13-79
191            android:configChanges="orientation|screenSize|keyboard|keyboardHidden"
191-->[mioauth-3.4.3.aar] AndroidManifest.xml:78:13-83
192            android:excludeFromRecents="true"
192-->[mioauth-3.4.3.aar] AndroidManifest.xml:79:13-46
193            android:exported="false"
193-->[mioauth-3.4.3.aar] AndroidManifest.xml:80:13-37
194            android:screenOrientation="behind"
194-->[mioauth-3.4.3.aar] AndroidManifest.xml:81:13-47
195            android:theme="@android:style/Theme.Translucent.NoTitleBar.Fullscreen" />
195-->[mioauth-3.4.3.aar] AndroidManifest.xml:82:13-83
196        <activity
196-->[mioauth-3.4.3.aar] AndroidManifest.xml:83:9-87:50
197            android:name="com.xiaomi.gamecenter.sdk.ui.LoginRiskVerifyActivity"
197-->[mioauth-3.4.3.aar] AndroidManifest.xml:84:13-80
198            android:configChanges="orientation|screenSize"
198-->[mioauth-3.4.3.aar] AndroidManifest.xml:85:13-59
199            android:excludeFromRecents="true"
199-->[mioauth-3.4.3.aar] AndroidManifest.xml:86:13-46
200            android:screenOrientation="behind" />
200-->[mioauth-3.4.3.aar] AndroidManifest.xml:87:13-47
201        <activity
201-->[mioauth-3.4.3.aar] AndroidManifest.xml:88:9-104:20
202            android:name="com.xiaomi.gamecenter.sdk.anti.ui.MiAntiAlertActivity"
202-->[mioauth-3.4.3.aar] AndroidManifest.xml:89:13-81
203            android:configChanges="orientation|screenSize"
203-->[mioauth-3.4.3.aar] AndroidManifest.xml:90:13-59
204            android:excludeFromRecents="true"
204-->[mioauth-3.4.3.aar] AndroidManifest.xml:91:13-46
205            android:exported="true"
205-->[mioauth-3.4.3.aar] AndroidManifest.xml:92:13-36
206            android:screenOrientation="behind"
206-->[mioauth-3.4.3.aar] AndroidManifest.xml:93:13-47
207            android:theme="@android:style/Theme.Translucent.NoTitleBar" >
207-->[mioauth-3.4.3.aar] AndroidManifest.xml:94:13-72
208            <intent-filter>
208-->[mioauth-3.4.3.aar] AndroidManifest.xml:95:13-103:29
209                <data
209-->[alipay-sdk-android-15.8.09.aar] AndroidManifest.xml:13:13-45
210                    android:host="open_anti_alert"
211                    android:scheme="mioauthsdk" />
211-->[alipay-sdk-android-15.8.09.aar] AndroidManifest.xml:13:19-42
212
213                <category android:name="android.intent.category.DEFAULT" />
213-->[mioauth-3.4.3.aar] AndroidManifest.xml:100:17-76
213-->[mioauth-3.4.3.aar] AndroidManifest.xml:100:27-73
214
215                <action android:name="android.intent.action.VIEW" />
215-->[mioauth-3.4.3.aar] AndroidManifest.xml:102:17-69
215-->[mioauth-3.4.3.aar] AndroidManifest.xml:102:25-66
216            </intent-filter>
217        </activity>
218
219        <service
219-->[mioauth-3.4.3.aar] AndroidManifest.xml:106:9-113:19
220            android:name="com.xiaomi.gamecenter.sdk.MiGameService"
220-->[mioauth-3.4.3.aar] AndroidManifest.xml:107:13-67
221            android:enabled="true"
221-->[mioauth-3.4.3.aar] AndroidManifest.xml:108:13-35
222            android:exported="true" >
222-->[mioauth-3.4.3.aar] AndroidManifest.xml:109:13-36
223            <intent-filter>
223-->[mioauth-3.4.3.aar] AndroidManifest.xml:110:13-112:29
224                <action android:name="com.xiaomi.gamecenter.jar.service" />
224-->[mioauth-3.4.3.aar] AndroidManifest.xml:111:17-76
224-->[mioauth-3.4.3.aar] AndroidManifest.xml:111:25-73
225            </intent-filter>
226        </service> <!-- virtual_cid -->
227        <meta-data
227-->[mioauth-3.4.3.aar] AndroidManifest.xml:114:9-116:64
228            android:name="mi_game_cid_option"
228-->[mioauth-3.4.3.aar] AndroidManifest.xml:115:13-46
229            android:value="49A82B6A7C2039D6C82A186CAA2996BB" /> <!-- 联运SDK，都要走渠道包逻辑 -->
229-->[mioauth-3.4.3.aar] AndroidManifest.xml:116:13-61
230        <meta-data
230-->[mioauth-3.4.3.aar] AndroidManifest.xml:117:9-119:36
231            android:name="mi_game_sdk"
231-->[mioauth-3.4.3.aar] AndroidManifest.xml:118:13-39
232            android:value="true" />
232-->[mioauth-3.4.3.aar] AndroidManifest.xml:119:13-33
233
234        <provider
234-->[librarymiads-release.aar] AndroidManifest.xml:14:9-22:20
235            android:name="androidx.core.content.FileProvider"
235-->[librarymiads-release.aar] AndroidManifest.xml:15:13-62
236            android:authorities="com.slhd.mftxxl.mi.fileprovider"
236-->[librarymiads-release.aar] AndroidManifest.xml:16:13-64
237            android:exported="false"
237-->[librarymiads-release.aar] AndroidManifest.xml:17:13-37
238            android:grantUriPermissions="true" >
238-->[librarymiads-release.aar] AndroidManifest.xml:18:13-47
239            <meta-data
239-->[librarymiads-release.aar] AndroidManifest.xml:19:13-21:59
240                android:name="android.support.FILE_PROVIDER_PATHS"
240-->[librarymiads-release.aar] AndroidManifest.xml:20:17-67
241                android:resource="@xml/mimo_file_paths" />
241-->[librarymiads-release.aar] AndroidManifest.xml:21:17-56
242        </provider>
243
244        <meta-data
244-->[mimo_sdk.aar] AndroidManifest.xml:28:9-30:36
245            android:name="sync_data_to_system_service"
245-->[mimo_sdk.aar] AndroidManifest.xml:29:13-55
246            android:value="true" />
246-->[mimo_sdk.aar] AndroidManifest.xml:30:13-33
247
248        <activity
248-->[mimo_sdk.aar] AndroidManifest.xml:32:9-37:80
249            android:name="com.miui.zeus.mimo.sdk.ad.reward.RewardVideoAdActivityNew"
249-->[mimo_sdk.aar] AndroidManifest.xml:33:13-85
250            android:configChanges="mcc|mnc|orientation|keyboardHidden|screenSize"
250-->[mimo_sdk.aar] AndroidManifest.xml:34:13-82
251            android:exported="false"
251-->[mimo_sdk.aar] AndroidManifest.xml:35:13-37
252            android:screenOrientation="behind"
252-->[mimo_sdk.aar] AndroidManifest.xml:36:13-47
253            android:theme="@android:style/Theme.Light.NoTitleBar.Fullscreen" />
253-->[mimo_sdk.aar] AndroidManifest.xml:37:13-77
254        <activity
254-->[mimo_sdk.aar] AndroidManifest.xml:38:9-43:80
255            android:name="com.miui.zeus.mimo.sdk.ad.reward.RewardVideoAdActivityNewPE"
255-->[mimo_sdk.aar] AndroidManifest.xml:39:13-87
256            android:configChanges="mcc|mnc|orientation|keyboardHidden|screenSize"
256-->[mimo_sdk.aar] AndroidManifest.xml:40:13-82
257            android:exported="false"
257-->[mimo_sdk.aar] AndroidManifest.xml:41:13-37
258            android:screenOrientation="behind"
258-->[mimo_sdk.aar] AndroidManifest.xml:42:13-47
259            android:theme="@android:style/Theme.Light.NoTitleBar.Fullscreen" />
259-->[mimo_sdk.aar] AndroidManifest.xml:43:13-77
260        <activity
260-->[mimo_sdk.aar] AndroidManifest.xml:44:9-48:80
261            android:name="com.miui.zeus.mimo.sdk.view.WebViewActivity"
261-->[mimo_sdk.aar] AndroidManifest.xml:45:13-71
262            android:configChanges="mcc|mnc|orientation|keyboardHidden|screenSize"
262-->[mimo_sdk.aar] AndroidManifest.xml:46:13-82
263            android:exported="false"
263-->[mimo_sdk.aar] AndroidManifest.xml:47:13-37
264            android:theme="@android:style/Theme.Light.NoTitleBar.Fullscreen" />
264-->[mimo_sdk.aar] AndroidManifest.xml:48:13-77
265        <activity
265-->[mimo_sdk.aar] AndroidManifest.xml:49:9-51:69
266            android:name="com.miui.zeus.landingpage.sdk.activity.WebViewActivity"
266-->[mimo_sdk.aar] AndroidManifest.xml:50:13-82
267            android:theme="@android:style/Theme.Holo.NoActionBar" />
267-->[mimo_sdk.aar] AndroidManifest.xml:51:13-66
268
269        <meta-data
269-->[mimo_sdk.aar] AndroidManifest.xml:53:9-55:38
270            android:name="market_sdk_version"
270-->[mimo_sdk.aar] AndroidManifest.xml:54:13-46
271            android:value="3.2.26" />
271-->[mimo_sdk.aar] AndroidManifest.xml:55:13-35
272        <meta-data
272-->[:unityLibrary] AndroidManifest.xml:25:9-27:68
273            android:name="GameActivity"
273-->[:unityLibrary] AndroidManifest.xml:26:13-40
274            android:value="com.sdkmerge.bridge.SDKMergeActivity" />
274-->[:unityLibrary] AndroidManifest.xml:27:13-65
275        <meta-data
275-->[:unityLibrary] AndroidManifest.xml:28:9-30:33
276            android:name="unity.splash-mode"
276-->[:unityLibrary] AndroidManifest.xml:29:13-45
277            android:value="0" />
277-->[:unityLibrary] AndroidManifest.xml:30:13-30
278        <meta-data
278-->[:unityLibrary] AndroidManifest.xml:31:9-33:36
279            android:name="unity.splash-enable"
279-->[:unityLibrary] AndroidManifest.xml:32:13-47
280            android:value="True" />
280-->[:unityLibrary] AndroidManifest.xml:33:13-33
281        <meta-data
281-->[:unityLibrary] AndroidManifest.xml:34:9-36:36
282            android:name="unity.launch-fullscreen"
282-->[:unityLibrary] AndroidManifest.xml:35:13-51
283            android:value="True" />
283-->[:unityLibrary] AndroidManifest.xml:36:13-33
284        <meta-data
284-->[:unityLibrary] AndroidManifest.xml:37:9-39:37
285            android:name="unity.render-outside-safearea"
285-->[:unityLibrary] AndroidManifest.xml:38:13-57
286            android:value="False" />
286-->[:unityLibrary] AndroidManifest.xml:39:13-34
287        <meta-data
287-->[:unityLibrary] AndroidManifest.xml:40:9-42:36
288            android:name="unity.auto-report-fully-drawn"
288-->[:unityLibrary] AndroidManifest.xml:41:13-57
289            android:value="true" />
289-->[:unityLibrary] AndroidManifest.xml:42:13-33
290        <meta-data
290-->[:unityLibrary] AndroidManifest.xml:43:9-45:36
291            android:name="unity.auto-set-game-state"
291-->[:unityLibrary] AndroidManifest.xml:44:13-53
292            android:value="true" />
292-->[:unityLibrary] AndroidManifest.xml:45:13-33
293        <meta-data
293-->[:unityLibrary] AndroidManifest.xml:46:9-48:37
294            android:name="unity.strip-engine-code"
294-->[:unityLibrary] AndroidManifest.xml:47:13-51
295            android:value="false" />
295-->[:unityLibrary] AndroidManifest.xml:48:13-34
296
297        <activity
297-->[:unityLibrary] AndroidManifest.xml:50:9-67:20
298            android:name="com.sdkmerge.bridge.SDKMergeActivity"
298-->[:unityLibrary] AndroidManifest.xml:51:13-64
299            android:configChanges="mcc|mnc|locale|touchscreen|keyboard|keyboardHidden|navigation|orientation|screenLayout|uiMode|screenSize|smallestScreenSize|fontScale|layoutDirection|density"
299-->[:unityLibrary] AndroidManifest.xml:52:13-194
300            android:exported="true"